2017/10/10 10:13:05,803  INFO [main] - begin load httpserver.properties
2017/10/10 10:13:05,806  INFO [main] - load httpserver.properties finished
2017/10/10 10:13:05,868 DEBUG [main] - Adding [systemProperties] PropertySource with lowest search precedence
2017/10/10 10:13:05,869 DEBUG [main] - Adding [systemEnvironment] PropertySource with lowest search precedence
2017/10/10 10:13:05,870 DEBUG [main] - Initialized StandardEnvironment with PropertySources [systemProperties,systemEnvironment]
2017/10/10 10:13:05,874  INFO [main] - Refreshing org.springframework.context.support.ClassPathXmlApplicationContext@2227a04c: startup date [Tue Oct 10 10:13:05 CST 2017]; root of context hierarchy
2017/10/10 10:13:05,897 DEBUG [main] - Adding [systemProperties] PropertySource with lowest search precedence
2017/10/10 10:13:05,898 DEBUG [main] - Adding [systemEnvironment] PropertySource with lowest search precedence
2017/10/10 10:13:05,899 DEBUG [main] - Initialized StandardEnvironment with PropertySources [systemProperties,systemEnvironment]
2017/10/10 10:13:05,907  INFO [main] - Loading XML bean definitions from class path resource [applicationContext.xml]
2017/10/10 10:13:05,919 DEBUG [main] - Using JAXP provider [com.sun.org.apache.xerces.internal.jaxp.DocumentBuilderFactoryImpl]
2017/10/10 10:13:05,941 DEBUG [main] - Loading schema mappings from [META-INF/spring.schemas]
2017/10/10 10:13:05,944 DEBUG [main] - Loaded schema mappings: {http://www.springframework.org/schema/cache/spring-cache-4.2.xsd=org/springframework/cache/config/spring-cache-4.2.xsd, http://www.springframework.org/schema/aop/spring-aop-4.1.xsd=org/springframework/aop/config/spring-aop-4.1.xsd, http://www.springframework.org/schema/context/spring-context-3.1.xsd=org/springframework/context/config/spring-context-3.1.xsd, http://www.springframework.org/schema/util/spring-util-3.0.xsd=org/springframework/beans/factory/xml/spring-util-3.0.xsd, http://www.springframework.org/schema/tool/spring-tool.xsd=org/springframework/beans/factory/xml/spring-tool-4.2.xsd, http://www.springframework.org/schema/aop/spring-aop-3.2.xsd=org/springframework/aop/config/spring-aop-3.2.xsd, http://www.springframework.org/schema/lang/spring-lang-4.1.xsd=org/springframework/scripting/config/spring-lang-4.1.xsd, http://www.springframework.org/schema/context/spring-context-4.0.xsd=org/springframework/context/config/spring-context-4.0.xsd, http://www.springframework.org/schema/beans/spring-beans-4.2.xsd=org/springframework/beans/factory/xml/spring-beans-4.2.xsd, http://www.springframework.org/schema/tool/spring-tool-4.1.xsd=org/springframework/beans/factory/xml/spring-tool-4.1.xsd, http://www.springframework.org/schema/lang/spring-lang-3.2.xsd=org/springframework/scripting/config/spring-lang-3.2.xsd, http://www.springframework.org/schema/cache/spring-cache-3.2.xsd=org/springframework/cache/config/spring-cache-3.2.xsd, http://www.springframework.org/schema/jee/spring-jee-4.1.xsd=org/springframework/ejb/config/spring-jee-4.1.xsd, http://www.springframework.org/schema/util/spring-util-2.0.xsd=org/springframework/beans/factory/xml/spring-util-2.0.xsd, http://www.springframework.org/schema/task/spring-task-4.2.xsd=org/springframework/scheduling/config/spring-task-4.2.xsd, http://www.springframework.org/schema/tool/spring-tool-3.2.xsd=org/springframework/beans/factory/xml/spring-tool-3.2.xsd, http://www.springframework.org/schema/context/spring-context.xsd=org/springframework/context/config/spring-context-4.2.xsd, http://www.springframework.org/schema/cache/spring-cache-4.1.xsd=org/springframework/cache/config/spring-cache-4.1.xsd, http://www.springframework.org/schema/aop/spring-aop-4.0.xsd=org/springframework/aop/config/spring-aop-4.0.xsd, http://www.springframework.org/schema/jee/spring-jee-3.2.xsd=org/springframework/ejb/config/spring-jee-3.2.xsd, http://www.springframework.org/schema/context/spring-context-3.0.xsd=org/springframework/context/config/spring-context-3.0.xsd, http://www.springframework.org/schema/util/spring-util-2.5.xsd=org/springframework/beans/factory/xml/spring-util-2.5.xsd, http://www.springframework.org/schema/beans/spring-beans-3.2.xsd=org/springframework/beans/factory/xml/spring-beans-3.2.xsd, http://www.springframework.org/schema/aop/spring-aop-3.1.xsd=org/springframework/aop/config/spring-aop-3.1.xsd, http://www.springframework.org/schema/lang/spring-lang-4.0.xsd=org/springframework/scripting/config/spring-lang-4.0.xsd, http://www.springframework.org/schema/beans/spring-beans-4.1.xsd=org/springframework/beans/factory/xml/spring-beans-4.1.xsd, http://www.springframework.org/schema/tool/spring-tool-4.0.xsd=org/springframework/beans/factory/xml/spring-tool-4.0.xsd, http://www.springframework.org/schema/lang/spring-lang-3.1.xsd=org/springframework/scripting/config/spring-lang-3.1.xsd, http://www.springframework.org/schema/cache/spring-cache-3.1.xsd=org/springframework/cache/config/spring-cache-3.1.xsd, http://www.springframework.org/schema/jee/spring-jee-4.0.xsd=org/springframework/ejb/config/spring-jee-4.0.xsd, http://www.springframework.org/schema/task/spring-task-4.1.xsd=org/springframework/scheduling/config/spring-task-4.1.xsd, http://www.springframework.org/schema/tool/spring-tool-3.1.xsd=org/springframework/beans/factory/xml/spring-tool-3.1.xsd, http://www.springframework.org/schema/cache/spring-cache-4.0.xsd=org/springframework/cache/config/spring-cache-4.0.xsd, http://code.alibabatech.com/schema/dubbo/dubbo.xsd=META-INF/dubbo.xsd, http://www.springframework.org/schema/jee/spring-jee-3.1.xsd=org/springframework/ejb/config/spring-jee-3.1.xsd, http://www.springframework.org/schema/task/spring-task-3.2.xsd=org/springframework/scheduling/config/spring-task-3.2.xsd, http://www.springframework.org/schema/util/spring-util-4.2.xsd=org/springframework/beans/factory/xml/spring-util-4.2.xsd, http://www.springframework.org/schema/beans/spring-beans-3.1.xsd=org/springframework/beans/factory/xml/spring-beans-3.1.xsd, http://www.springframework.org/schema/util/spring-util.xsd=org/springframework/beans/factory/xml/spring-util-4.2.xsd, http://www.springframework.org/schema/aop/spring-aop-3.0.xsd=org/springframework/aop/config/spring-aop-3.0.xsd, http://www.springframework.org/schema/beans/spring-beans-4.0.xsd=org/springframework/beans/factory/xml/spring-beans-4.0.xsd, http://www.springframework.org/schema/beans/spring-beans.xsd=org/springframework/beans/factory/xml/spring-beans-4.2.xsd, http://www.springframework.org/schema/lang/spring-lang-3.0.xsd=org/springframework/scripting/config/spring-lang-3.0.xsd, http://www.springframework.org/schema/context/spring-context-2.5.xsd=org/springframework/context/config/spring-context-2.5.xsd, http://www.springframework.org/schema/task/spring-task-4.0.xsd=org/springframework/scheduling/config/spring-task-4.0.xsd, http://www.springframework.org/schema/tool/spring-tool-3.0.xsd=org/springframework/beans/factory/xml/spring-tool-3.0.xsd, http://www.springframework.org/schema/aop/spring-aop-2.0.xsd=org/springframework/aop/config/spring-aop-2.0.xsd, http://www.springframework.org/schema/jee/spring-jee-3.0.xsd=org/springframework/ejb/config/spring-jee-3.0.xsd, http://www.springframework.org/schema/util/spring-util-4.1.xsd=org/springframework/beans/factory/xml/spring-util-4.1.xsd, http://www.springframework.org/schema/task/spring-task-3.1.xsd=org/springframework/scheduling/config/spring-task-3.1.xsd, http://www.springframework.org/schema/beans/spring-beans-3.0.xsd=org/springframework/beans/factory/xml/spring-beans-3.0.xsd, http://www.springframework.org/schema/jee/spring-jee.xsd=org/springframework/ejb/config/spring-jee-4.2.xsd, http://www.springframework.org/schema/aop/spring-aop-2.5.xsd=org/springframework/aop/config/spring-aop-2.5.xsd, http://www.springframework.org/schema/lang/spring-lang-2.0.xsd=org/springframework/scripting/config/spring-lang-2.0.xsd, http://www.springframework.org/schema/util/spring-util-3.2.xsd=org/springframework/beans/factory/xml/spring-util-3.2.xsd, http://www.springframework.org/schema/task/spring-task.xsd=org/springframework/scheduling/config/spring-task-4.2.xsd, http://www.springframework.org/schema/tool/spring-tool-2.0.xsd=org/springframework/beans/factory/xml/spring-tool-2.0.xsd, http://www.springframework.org/schema/lang/spring-lang-2.5.xsd=org/springframework/scripting/config/spring-lang-2.5.xsd, http://www.springframework.org/schema/context/spring-context-4.2.xsd=org/springframework/context/config/spring-context-4.2.xsd, http://www.springframework.org/schema/jee/spring-jee-2.0.xsd=org/springframework/ejb/config/spring-jee-2.0.xsd, http://www.springframework.org/schema/tool/spring-tool-2.5.xsd=org/springframework/beans/factory/xml/spring-tool-2.5.xsd, http://www.springframework.org/schema/jee/spring-jee-2.5.xsd=org/springframework/ejb/config/spring-jee-2.5.xsd, http://www.springframework.org/schema/util/spring-util-4.0.xsd=org/springframework/beans/factory/xml/spring-util-4.0.xsd, http://www.springframework.org/schema/task/spring-task-3.0.xsd=org/springframework/scheduling/config/spring-task-3.0.xsd, http://www.springframework.org/schema/aop/spring-aop-4.2.xsd=org/springframework/aop/config/spring-aop-4.2.xsd, http://www.springframework.org/schema/lang/spring-lang.xsd=org/springframework/scripting/config/spring-lang-4.2.xsd, http://www.springframework.org/schema/context/spring-context-3.2.xsd=org/springframework/context/config/spring-context-3.2.xsd, http://www.springframework.org/schema/util/spring-util-3.1.xsd=org/springframework/beans/factory/xml/spring-util-3.1.xsd, http://www.springframework.org/schema/beans/spring-beans-2.0.xsd=org/springframework/beans/factory/xml/spring-beans-2.0.xsd, http://www.springframework.org/schema/cache/spring-cache.xsd=org/springframework/cache/config/spring-cache-4.2.xsd, http://www.springframework.org/schema/lang/spring-lang-4.2.xsd=org/springframework/scripting/config/spring-lang-4.2.xsd, http://www.springframework.org/schema/context/spring-context-4.1.xsd=org/springframework/context/config/spring-context-4.1.xsd, http://www.springframework.org/schema/beans/spring-beans-2.5.xsd=org/springframework/beans/factory/xml/spring-beans-2.5.xsd, http://www.springframework.org/schema/tool/spring-tool-4.2.xsd=org/springframework/beans/factory/xml/spring-tool-4.2.xsd, http://www.springframework.org/schema/jee/spring-jee-4.2.xsd=org/springframework/ejb/config/spring-jee-4.2.xsd, http://www.springframework.org/schema/aop/spring-aop.xsd=org/springframework/aop/config/spring-aop-4.2.xsd}
2017/10/10 10:13:05,952 DEBUG [main] - Found XML schema [http://www.springframework.org/schema/beans/spring-beans.xsd] in classpath: org/springframework/beans/factory/xml/spring-beans-4.2.xsd
2017/10/10 10:13:05,990 DEBUG [main] - Loading bean definitions
2017/10/10 10:13:05,998  INFO [main] - Loading XML bean definitions from class path resource [dubbo-consumer.xml]
2017/10/10 10:13:05,999 DEBUG [main] - Using JAXP provider [com.sun.org.apache.xerces.internal.jaxp.DocumentBuilderFactoryImpl]
2017/10/10 10:13:06,001 DEBUG [main] - Found XML schema [http://www.springframework.org/schema/beans/spring-beans-3.1.xsd] in classpath: org/springframework/beans/factory/xml/spring-beans-3.1.xsd
2017/10/10 10:13:06,019 DEBUG [main] - Found XML schema [http://code.alibabatech.com/schema/dubbo/dubbo.xsd] in classpath: META-INF/dubbo.xsd
2017/10/10 10:13:06,044 DEBUG [main] - Loading bean definitions
2017/10/10 10:13:06,045 DEBUG [main] - Loaded NamespaceHandler mappings: {http://www.springframework.org/schema/p=org.springframework.beans.factory.xml.SimplePropertyNamespaceHandler, http://www.springframework.org/schema/util=org.springframework.beans.factory.xml.UtilNamespaceHandler, http://code.alibabatech.com/schema/dubbo=com.alibaba.dubbo.config.spring.schema.DubboNamespaceHandler, http://www.springframework.org/schema/jee=org.springframework.ejb.config.JeeNamespaceHandler, http://www.springframework.org/schema/aop=org.springframework.aop.config.AopNamespaceHandler, http://www.springframework.org/schema/cache=org.springframework.cache.config.CacheNamespaceHandler, http://www.springframework.org/schema/c=org.springframework.beans.factory.xml.SimpleConstructorNamespaceHandler, http://www.springframework.org/schema/task=org.springframework.scheduling.config.TaskNamespaceHandler, http://www.springframework.org/schema/lang=org.springframework.scripting.config.LangNamespaceHandler, http://www.springframework.org/schema/context=org.springframework.context.config.ContextNamespaceHandler}
2017/10/10 10:13:06,050  INFO [main] - using logger: com.alibaba.dubbo.common.logger.log4j.Log4jLoggerAdapter
2017/10/10 10:13:06,073 DEBUG [main] - Imported 3 bean definitions from relative location [dubbo-consumer.xml]
2017/10/10 10:13:06,074 DEBUG [main] - Loaded 3 bean definitions from location pattern [applicationContext.xml]
2017/10/10 10:13:06,074 DEBUG [main] - Bean factory for org.springframework.context.support.ClassPathXmlApplicationContext@2227a04c: org.springframework.beans.factory.support.DefaultListableBeanFactory@7b5888f7: defining beans [test_consumer,com.alibaba.dubbo.config.RegistryConfig,globalService]; root of factory hierarchy
2017/10/10 10:13:06,086 DEBUG [main] - Unable to locate MessageSource with name 'messageSource': using default [org.springframework.context.support.DelegatingMessageSource@7bbd3260]
2017/10/10 10:13:06,087 DEBUG [main] - Unable to locate ApplicationEventMulticaster with name 'applicationEventMulticaster': using default [org.springframework.context.event.SimpleApplicationEventMulticaster@6165e7a5]
2017/10/10 10:13:06,088 DEBUG [main] - Pre-instantiating singletons in org.springframework.beans.factory.support.DefaultListableBeanFactory@7b5888f7: defining beans [test_consumer,com.alibaba.dubbo.config.RegistryConfig,globalService]; root of factory hierarchy
2017/10/10 10:13:06,089 DEBUG [main] - Creating shared instance of singleton bean 'test_consumer'
2017/10/10 10:13:06,089 DEBUG [main] - Creating instance of bean 'test_consumer'
2017/10/10 10:13:06,099 DEBUG [main] - Eagerly caching bean 'test_consumer' to allow for resolving potential circular references
2017/10/10 10:13:06,124 DEBUG [main] - Finished creating instance of bean 'test_consumer'
2017/10/10 10:13:06,124 DEBUG [main] - Creating shared instance of singleton bean 'com.alibaba.dubbo.config.RegistryConfig'
2017/10/10 10:13:06,125 DEBUG [main] - Creating instance of bean 'com.alibaba.dubbo.config.RegistryConfig'
2017/10/10 10:13:06,125 DEBUG [main] - Eagerly caching bean 'com.alibaba.dubbo.config.RegistryConfig' to allow for resolving potential circular references
2017/10/10 10:13:06,130 DEBUG [main] - Finished creating instance of bean 'com.alibaba.dubbo.config.RegistryConfig'
2017/10/10 10:13:06,130 DEBUG [main] - Creating shared instance of singleton bean 'globalService'
2017/10/10 10:13:06,130 DEBUG [main] - Creating instance of bean 'globalService'
2017/10/10 10:13:06,153 DEBUG [main] -  [DUBBO] package com.alibaba.dubbo.rpc;
import com.alibaba.dubbo.common.extension.ExtensionLoader;
public class Protocol$Adpative implements com.alibaba.dubbo.rpc.Protocol {
public void destroy() {throw new UnsupportedOperationException("method public abstract void com.alibaba.dubbo.rpc.Protocol.destroy() of interface com.alibaba.dubbo.rpc.Protocol is not adaptive method!");
}
public int getDefaultPort() {throw new UnsupportedOperationException("method public abstract int com.alibaba.dubbo.rpc.Protocol.getDefaultPort() of interface com.alibaba.dubbo.rpc.Protocol is not adaptive method!");
}
public com.alibaba.dubbo.rpc.Invoker refer(java.lang.Class arg0, com.alibaba.dubbo.common.URL arg1) throws java.lang.Class {
if (arg1 == null) throw new IllegalArgumentException("url == null");
com.alibaba.dubbo.common.URL url = arg1;
String extName = ( url.getProtocol() == null ? "dubbo" : url.getProtocol() );
if(extName == null) throw new IllegalStateException("Fail to get extension(com.alibaba.dubbo.rpc.Protocol) name from url(" + url.toString() + ") use keys([protocol])");
com.alibaba.dubbo.rpc.Protocol extension = (com.alibaba.dubbo.rpc.Protocol)ExtensionLoader.getExtensionLoader(com.alibaba.dubbo.rpc.Protocol.class).getExtension(extName);
return extension.refer(arg0, arg1);
}
public com.alibaba.dubbo.rpc.Exporter export(com.alibaba.dubbo.rpc.Invoker arg0) throws com.alibaba.dubbo.rpc.Invoker {
if (arg0 == null) throw new IllegalArgumentException("com.alibaba.dubbo.rpc.Invoker argument == null");
if (arg0.getUrl() == null) throw new IllegalArgumentException("com.alibaba.dubbo.rpc.Invoker argument getUrl() == null");com.alibaba.dubbo.common.URL url = arg0.getUrl();
String extName = ( url.getProtocol() == null ? "dubbo" : url.getProtocol() );
if(extName == null) throw new IllegalStateException("Fail to get extension(com.alibaba.dubbo.rpc.Protocol) name from url(" + url.toString() + ") use keys([protocol])");
com.alibaba.dubbo.rpc.Protocol extension = (com.alibaba.dubbo.rpc.Protocol)ExtensionLoader.getExtensionLoader(com.alibaba.dubbo.rpc.Protocol.class).getExtension(extName);
return extension.export(arg0);
}
}, dubbo version: 0.0.1-SNAPSHOT, current host: 127.0.0.1
2017/10/10 10:13:06,230 DEBUG [main] -  [DUBBO] package com.alibaba.dubbo.rpc.cluster;
import com.alibaba.dubbo.common.extension.ExtensionLoader;
public class Cluster$Adpative implements com.alibaba.dubbo.rpc.cluster.Cluster {
public com.alibaba.dubbo.rpc.Invoker join(com.alibaba.dubbo.rpc.cluster.Directory arg0) throws com.alibaba.dubbo.rpc.cluster.Directory {
if (arg0 == null) throw new IllegalArgumentException("com.alibaba.dubbo.rpc.cluster.Directory argument == null");
if (arg0.getUrl() == null) throw new IllegalArgumentException("com.alibaba.dubbo.rpc.cluster.Directory argument getUrl() == null");com.alibaba.dubbo.common.URL url = arg0.getUrl();
String extName = url.getParameter("cluster", "failover");
if(extName == null) throw new IllegalStateException("Fail to get extension(com.alibaba.dubbo.rpc.cluster.Cluster) name from url(" + url.toString() + ") use keys([cluster])");
com.alibaba.dubbo.rpc.cluster.Cluster extension = (com.alibaba.dubbo.rpc.cluster.Cluster)ExtensionLoader.getExtensionLoader(com.alibaba.dubbo.rpc.cluster.Cluster.class).getExtension(extName);
return extension.join(arg0);
}
}, dubbo version: 0.0.1-SNAPSHOT, current host: 127.0.0.1
2017/10/10 10:13:06,243 DEBUG [main] -  [DUBBO] package com.alibaba.dubbo.rpc;
import com.alibaba.dubbo.common.extension.ExtensionLoader;
public class ProxyFactory$Adpative implements com.alibaba.dubbo.rpc.ProxyFactory {
public java.lang.Object getProxy(com.alibaba.dubbo.rpc.Invoker arg0) throws com.alibaba.dubbo.rpc.Invoker {
if (arg0 == null) throw new IllegalArgumentException("com.alibaba.dubbo.rpc.Invoker argument == null");
if (arg0.getUrl() == null) throw new IllegalArgumentException("com.alibaba.dubbo.rpc.Invoker argument getUrl() == null");com.alibaba.dubbo.common.URL url = arg0.getUrl();
String extName = url.getParameter("proxy", "javassist");
if(extName == null) throw new IllegalStateException("Fail to get extension(com.alibaba.dubbo.rpc.ProxyFactory) name from url(" + url.toString() + ") use keys([proxy])");
com.alibaba.dubbo.rpc.ProxyFactory extension = (com.alibaba.dubbo.rpc.ProxyFactory)ExtensionLoader.getExtensionLoader(com.alibaba.dubbo.rpc.ProxyFactory.class).getExtension(extName);
return extension.getProxy(arg0);
}
public com.alibaba.dubbo.rpc.Invoker getInvoker(java.lang.Object arg0, java.lang.Class arg1, com.alibaba.dubbo.common.URL arg2) throws java.lang.Object {
if (arg2 == null) throw new IllegalArgumentException("url == null");
com.alibaba.dubbo.common.URL url = arg2;
String extName = url.getParameter("proxy", "javassist");
if(extName == null) throw new IllegalStateException("Fail to get extension(com.alibaba.dubbo.rpc.ProxyFactory) name from url(" + url.toString() + ") use keys([proxy])");
com.alibaba.dubbo.rpc.ProxyFactory extension = (com.alibaba.dubbo.rpc.ProxyFactory)ExtensionLoader.getExtensionLoader(com.alibaba.dubbo.rpc.ProxyFactory.class).getExtension(extName);
return extension.getInvoker(arg0, arg1, arg2);
}
}, dubbo version: 0.0.1-SNAPSHOT, current host: 127.0.0.1
2017/10/10 10:13:06,255 DEBUG [main] - Eagerly caching bean 'globalService' to allow for resolving potential circular references
2017/10/10 10:13:06,278 DEBUG [main] - Invoking afterPropertiesSet() on bean with name 'globalService'
2017/10/10 10:13:06,279 DEBUG [main] - Returning cached instance of singleton bean 'test_consumer'
2017/10/10 10:13:06,279 DEBUG [main] - Returning cached instance of singleton bean 'com.alibaba.dubbo.config.RegistryConfig'
2017/10/10 10:13:06,279 DEBUG [main] - Finished creating instance of bean 'globalService'
2017/10/10 10:13:06,281 DEBUG [main] - Unable to locate LifecycleProcessor with name 'lifecycleProcessor': using default [org.springframework.context.support.DefaultLifecycleProcessor@4ad8d990]
2017/10/10 10:13:06,282 DEBUG [main] - Returning cached instance of singleton bean 'lifecycleProcessor'
2017/10/10 10:13:06,284 DEBUG [main] - Searching for key 'spring.liveBeansView.mbeanDomain' in [systemProperties]
2017/10/10 10:13:06,284 DEBUG [main] - Searching for key 'spring.liveBeansView.mbeanDomain' in [systemEnvironment]
2017/10/10 10:13:06,284 DEBUG [main] - Could not find key 'spring.liveBeansView.mbeanDomain' in any property source. Returning [null]
2017/10/10 10:13:06,286 DEBUG [main] - Returning cached instance of singleton bean 'lifecycleProcessor'
2017/10/10 10:13:06,286  INFO [main] - netty Server 开始启动服务
2017/10/10 10:13:06,296 DEBUG [main] - Using SLF4J as the default logging framework
2017/10/10 10:13:06,300 DEBUG [main] - -Dio.netty.eventLoopThreads: 16
2017/10/10 10:13:06,325 DEBUG [main] - java.nio.Buffer.address: available
2017/10/10 10:13:06,325 DEBUG [main] - sun.misc.Unsafe.theUnsafe: available
2017/10/10 10:13:06,326 DEBUG [main] - sun.misc.Unsafe.copyMemory: available
2017/10/10 10:13:06,326 DEBUG [main] - java.nio.Bits.unaligned: true
2017/10/10 10:13:06,327 DEBUG [main] - Platform: Windows
2017/10/10 10:13:06,328 DEBUG [main] - Java version: 7
2017/10/10 10:13:06,328 DEBUG [main] - -Dio.netty.noUnsafe: false
2017/10/10 10:13:06,328 DEBUG [main] - sun.misc.Unsafe: available
2017/10/10 10:13:06,329 DEBUG [main] - -Dio.netty.noJavassist: false
2017/10/10 10:13:06,339 DEBUG [main] - Javassist: available
2017/10/10 10:13:06,339 DEBUG [main] - -Dio.netty.tmpdir: C:\Users\ADMINI~1\AppData\Local\Temp (java.io.tmpdir)
2017/10/10 10:13:06,339 DEBUG [main] - -Dio.netty.bitMode: 64 (sun.arch.data.model)
2017/10/10 10:13:06,340 DEBUG [main] - -Dio.netty.noPreferDirect: false
2017/10/10 10:13:06,340 DEBUG [main] - -Dio.netty.noKeySetOptimization: false
2017/10/10 10:13:06,341 DEBUG [main] - -Dio.netty.selectorAutoRebuildThreshold: 512
2017/10/10 10:13:06,383 DEBUG [main] - -Dio.netty.processId: 3104 (auto-detected)
2017/10/10 10:13:06,421 DEBUG [main] - -Dio.netty.machineId: 00:00:00:00:00:00:00:e0 (auto-detected)
2017/10/10 10:13:06,423 DEBUG [main] - -Dio.netty.initialSeedUniquifier: 0x669f54add985959e (took 13 ms)
2017/10/10 10:13:06,452 DEBUG [main] - -Dio.netty.allocator.numHeapArenas: 8
2017/10/10 10:13:06,452 DEBUG [main] - -Dio.netty.allocator.numDirectArenas: 8
2017/10/10 10:13:06,453 DEBUG [main] - -Dio.netty.allocator.pageSize: 8192
2017/10/10 10:13:06,453 DEBUG [main] - -Dio.netty.allocator.maxOrder: 11
2017/10/10 10:13:06,453 DEBUG [main] - -Dio.netty.allocator.chunkSize: 16777216
2017/10/10 10:13:06,454 DEBUG [main] - -Dio.netty.allocator.tinyCacheSize: 512
2017/10/10 10:13:06,454 DEBUG [main] - -Dio.netty.allocator.smallCacheSize: 256
2017/10/10 10:13:06,454 DEBUG [main] - -Dio.netty.allocator.normalCacheSize: 64
2017/10/10 10:13:06,454 DEBUG [main] - -Dio.netty.allocator.maxCachedBufferCapacity: 32768
2017/10/10 10:13:06,455 DEBUG [main] - -Dio.netty.allocator.cacheTrimInterval: 8192
2017/10/10 10:13:06,459 DEBUG [main] - -Dio.netty.allocator.type: pooled
2017/10/10 10:13:06,459 DEBUG [main] - -Dio.netty.threadLocalDirectBufferSize: 65536
2017/10/10 10:13:06,492 DEBUG [main] - Loopback interface: lo (Software Loopback Interface 1, 127.0.0.1)
2017/10/10 10:13:06,492 DEBUG [main] - \proc\sys\net\core\somaxconn: 200 (non-existent)
2017/10/10 10:13:06,503  INFO [main] - netty Server 服务启动成功 端口:8000
